[2016-09-16 14:23:39] production.ERROR: Cms\Classes\CmsException: The partial 'sidebar' is not found. in /Users/afryer/Documents/projects/october/modules/cms/Classes/Controller.php:851
Stack trace:
#0 /Users/afryer/Documents/projects/october/modules/cms/Twig/Extension.php(117): Cms\Classes\Controller->renderPartial('sidebar', Array)
#1 /Users/afryer/Documents/projects/october/vendor/twig/twig/lib/Twig/Environment.php(403) : eval()'d code(34): Cms\Twig\Extension->partialFunction('sidebar', Array)
#2 /Users/afryer/Documents/projects/october/vendor/twig/twig/lib/Twig/Template.php(387): __TwigTemplate_a57e5e7e05e5cb5b68581df6a04ed89ef4415740616f5cb98e22f2393bcfb3c4->doDisplay(Array, Array)
#3 /Users/afryer/Documents/projects/october/vendor/twig/twig/lib/Twig/Template.php(355): Twig_Template->displayWithErrorHandling(Array, Array)
#4 /Users/afryer/Documents/projects/october/vendor/twig/twig/lib/Twig/Template.php(366): Twig_Template->display(Array)
#5 /Users/afryer/Documents/projects/october/modules/cms/Classes/Controller.php(911): Twig_Template->render(Array)
#6 /Users/afryer/Documents/projects/october/modules/cms/Twig/Extension.php(117): Cms\Classes\Controller->renderPartial('site/header', Array)
#7 /Users/afryer/Documents/projects/october/vendor/twig/twig/lib/Twig/Environment.php(403) : eval()'d code(36): Cms\Twig\Extension->partialFunction('site/header', Array)
#8 /Users/afryer/Documents/projects/october/vendor/twig/twig/lib/Twig/Template.php(387): __TwigTemplate_45d9f4ef1a160667304cf5305707ef8e71109c53a76c263878d46165d16a44b2->doDisplay(Array, Array)
#9 /Users/afryer/Documents/projects/october/vendor/twig/twig/lib/Twig/Template.php(355): Twig_Template->displayWithErrorHandling(Array, Array)
#10 /Users/afryer/Documents/projects/october/vendor/twig/twig/lib/Twig/Template.php(366): Twig_Template->display(Array)
#11 /Users/afryer/Documents/projects/october/modules/cms/Classes/Controller.php(387): Twig_Template->render(Array)
#12 /Users/afryer/Documents/projects/october/modules/cms/Classes/Controller.php(215): Cms\Classes\Controller->runPage(Object(Cms\Classes\Page))
#13 /Users/afryer/Documents/projects/october/modules/cms/Classes/CmsController.php(48): Cms\Classes\Controller->run('/')
#14 [internal function]: Cms\Classes\CmsController->run('/')
#15 /Users/afryer/Documents/projects/october/vendor/laravel/framework/src/Illuminate/Routing/Controller.php(256): call_user_func_array(Array, Array)
#16 /Users/afryer/Documents/projects/october/vendor/laravel/framework/src/Illuminate/Routing/ControllerDispatcher.php(164): Illuminate\Routing\Controller->callAction('run', Array)
#17 /Users/afryer/Documents/projects/october/vendor/laravel/framework/src/Illuminate/Routing/ControllerDispatcher.php(112): Illuminate\Routing\ControllerDispatcher->call(Object(Cms\Classes\CmsController), Object(Illuminate\Routing\Route), 'run')
#18 [internal function]: Illuminate\Routing\ControllerDispatcher->Illuminate\Routing\{closure}(Object(Illuminate\Http\Request))
#19 /Users/afryer/Documents/projects/october/vendor/laravel/framework/src/Illuminate/Pipeline/Pipeline.php(139): call_user_func(Object(Closure), Object(Illuminate\Http\Request))
#20 [internal function]: Illuminate\Pipeline\Pipeline->Illuminate\Pipeline\{closure}(Object(Illuminate\Http\Request))
#21 /Users/afryer/Documents/projects/october/vendor/laravel/framework/src/Illuminate/Pipeline/Pipeline.php(102): call_user_func(Object(Closure), Object(Illuminate\Http\Request))
#22 /Users/afryer/Documents/projects/october/vendor/laravel/framework/src/Illuminate/Routing/ControllerDispatcher.php(114): Illuminate\Pipeline\Pipeline->then(Object(Closure))
#23 /Users/afryer/Documents/projects/october/vendor/laravel/framework/src/Illuminate/Routing/ControllerDispatcher.php(67): Illuminate\Routing\ControllerDispatcher->callWithinStack(Object(Cms\Classes\CmsController), Object(Illuminate\Routing\Route), Object(Illuminate\Http\Request), 'run')
#24 /Users/afryer/Documents/projects/october/vendor/laravel/framework/src/Illuminate/Routing/Route.php(203): Illuminate\Routing\ControllerDispatcher->dispatch(Object(Illuminate\Routing\Route), Object(Illuminate\Http\Request), 'Cms\\Classes\\Cms...', 'run')
#25 /Users/afryer/Documents/projects/october/vendor/laravel/framework/src/Illuminate/Routing/Route.php(134): Illuminate\Routing\Route->runWithCustomDispatcher(Object(Illuminate\Http\Request))
#26 /Users/afryer/Documents/projects/october/vendor/laravel/framework/src/Illuminate/Routing/Router.php(708): Illuminate\Routing\Route->run(Object(Illuminate\Http\Request))
#27 [internal function]: Illuminate\Routing\Router->Illuminate\Routing\{closure}(Object(Illuminate\Http\Request))
#28 /Users/afryer/Documents/projects/october/vendor/laravel/framework/src/Illuminate/Pipeline/Pipeline.php(139): call_user_func(Object(Closure), Object(Illuminate\Http\Request))
#29 [internal function]: Illuminate\Pipeline\Pipeline->Illuminate\Pipeline\{closure}(Object(Illuminate\Http\Request))
#30 /Users/afryer/Documents/projects/october/vendor/laravel/framework/src/Illuminate/Pipeline/Pipeline.php(102): call_user_func(Object(Closure), Object(Illuminate\Http\Request))
#31 /Users/afryer/Documents/projects/october/vendor/laravel/framework/src/Illuminate/Routing/Router.php(710): Illuminate\Pipeline\Pipeline->then(Object(Closure))
#32 /Users/afryer/Documents/projects/october/vendor/laravel/framework/src/Illuminate/Routing/Router.php(673): Illuminate\Routing\Router->runRouteWithinStack(Object(Illuminate\Routing\Route), Object(Illuminate\Http\Request))
#33 /Users/afryer/Documents/projects/october/vendor/laravel/framework/src/Illuminate/Routing/Router.php(635): Illuminate\Routing\Router->dispatchToRoute(Object(Illuminate\Http\Request))
#34 /Users/afryer/Documents/projects/october/vendor/laravel/framework/src/Illuminate/Foundation/Http/Kernel.php(236): Illuminate\Routing\Router->dispatch(Object(Illuminate\Http\Request))
#35 [internal function]: Illuminate\Foundation\Http\Kernel->Illuminate\Foundation\Http\{closure}(Object(Illuminate\Http\Request))
#36 /Users/afryer/Documents/projects/october/vendor/laravel/framework/src/Illuminate/Pipeline/Pipeline.php(139): call_user_func(Object(Closure), Object(Illuminate\Http\Request))
#37 /Users/afryer/Documents/projects/october/vendor/laravel/framework/src/Illuminate/View/Middleware/ShareErrorsFromSession.php(49): Illuminate\Pipeline\Pipeline->Illuminate\Pipeline\{closure}(Object(Illuminate\Http\Request))
#38 [internal function]: Illuminate\View\Middleware\ShareErrorsFromSession->handle(Object(Illuminate\Http\Request), Object(Closure))
#39 /Users/afryer/Documents/projects/october/vendor/laravel/framework/src/Illuminate/Pipeline/Pipeline.php(124): call_user_func_array(Array, Array)
#40 /Users/afryer/Documents/projects/october/vendor/laravel/framework/src/Illuminate/Session/Middleware/StartSession.php(62): Illuminate\Pipeline\Pipeline->Illuminate\Pipeline\{closure}(Object(Illuminate\Http\Request))
#41 [internal function]: Illuminate\Session\Middleware\StartSession->handle(Object(Illuminate\Http\Request), Object(Closure))
#42 /Users/afryer/Documents/projects/october/vendor/laravel/framework/src/Illuminate/Pipeline/Pipeline.php(124): call_user_func_array(Array, Array)
#43 /Users/afryer/Documents/projects/october/vendor/laravel/framework/src/Illuminate/Cookie/Middleware/AddQueuedCookiesToResponse.php(37): Illuminate\Pipeline\Pipeline->Illuminate\Pipeline\{closure}(Object(Illuminate\Http\Request))
#44 [internal function]: Illuminate\Cookie\Middleware\AddQueuedCookiesToResponse->handle(Object(Illuminate\Http\Request), Object(Closure))
#45 /Users/afryer/Documents/projects/october/vendor/laravel/framework/src/Illuminate/Pipeline/Pipeline.php(124): call_user_func_array(Array, Array)
#46 /Users/afryer/Documents/projects/october/vendor/laravel/framework/src/Illuminate/Cookie/Middleware/EncryptCookies.php(59): Illuminate\Pipeline\Pipeline->Illuminate\Pipeline\{closure}(Object(Illuminate\Http\Request))
#47 [internal function]: Illuminate\Cookie\Middleware\EncryptCookies->handle(Object(Illuminate\Http\Request), Object(Closure))
#48 /Users/afryer/Documents/projects/october/vendor/laravel/framework/src/Illuminate/Pipeline/Pipeline.php(124): call_user_func_array(Array, Array)
#49 /Users/afryer/Documents/projects/october/vendor/laravel/framework/src/Illuminate/Foundation/Http/Middleware/CheckForMaintenanceMode.php(44): Illuminate\Pipeline\Pipeline->Illuminate\Pipeline\{closure}(Object(Illuminate\Http\Request))
#50 [internal function]: Illuminate\Foundation\Http\Middleware\CheckForMaintenanceMode->handle(Object(Illuminate\Http\Request), Object(Closure))
#51 /Users/afryer/Documents/projects/october/vendor/laravel/framework/src/Illuminate/Pipeline/Pipeline.php(124): call_user_func_array(Array, Array)
#52 [internal function]: Illuminate\Pipeline\Pipeline->Illuminate\Pipeline\{closure}(Object(Illuminate\Http\Request))
#53 /Users/afryer/Documents/projects/october/vendor/laravel/framework/src/Illuminate/Pipeline/Pipeline.php(102): call_user_func(Object(Closure), Object(Illuminate\Http\Request))
#54 /Users/afryer/Documents/projects/october/vendor/laravel/framework/src/Illuminate/Foundation/Http/Kernel.php(122): Illuminate\Pipeline\Pipeline->then(Object(Closure))
#55 /Users/afryer/Documents/projects/october/vendor/laravel/framework/src/Illuminate/Foundation/Http/Kernel.php(87): Illuminate\Foundation\Http\Kernel->sendRequestThroughRouter(Object(Illuminate\Http\Request))
#56 /Users/afryer/Documents/projects/october/index.php(43): Illuminate\Foundation\Http\Kernel->handle(Object(Illuminate\Http\Request))
#57 {main}

Next Twig_Error_Runtime: An exception has been thrown during the rendering of a template ("The partial 'sidebar' is not found.") in "/Users/afryer/Documents/projects/october/themes/kshatriya/partials/site/header.htm" at line 13. in /Users/afryer/Documents/projects/october/vendor/twig/twig/lib/Twig/Template.php:402
Stack trace:
#0 /Users/afryer/Documents/projects/october/vendor/twig/twig/lib/Twig/Template.php(355): Twig_Template->displayWithErrorHandling(Array, Array)
#1 /Users/afryer/Documents/projects/october/vendor/twig/twig/lib/Twig/Template.php(366): Twig_Template->display(Array)
#2 /Users/afryer/Documents/projects/october/modules/cms/Classes/Controller.php(911): Twig_Template->render(Array)
#3 /Users/afryer/Documents/projects/october/modules/cms/Twig/Extension.php(117): Cms\Classes\Controller->renderPartial('site/header', Array)
#4 /Users/afryer/Documents/projects/october/vendor/twig/twig/lib/Twig/Environment.php(403) : eval()'d code(36): Cms\Twig\Extension->partialFunction('site/header', Array)
#5 /Users/afryer/Documents/projects/october/vendor/twig/twig/lib/Twig/Template.php(387): __TwigTemplate_45d9f4ef1a160667304cf5305707ef8e71109c53a76c263878d46165d16a44b2->doDisplay(Array, Array)
#6 /Users/afryer/Documents/projects/october/vendor/twig/twig/lib/Twig/Template.php(355): Twig_Template->displayWithErrorHandling(Array, Array)
#7 /Users/afryer/Documents/projects/october/vendor/twig/twig/lib/Twig/Template.php(366): Twig_Template->display(Array)
#8 /Users/afryer/Documents/projects/october/modules/cms/Classes/Controller.php(387): Twig_Template->render(Array)
#9 /Users/afryer/Documents/projects/october/modules/cms/Classes/Controller.php(215): Cms\Classes\Controller->runPage(Object(Cms\Classes\Page))
#10 /Users/afryer/Documents/projects/october/modules/cms/Classes/CmsController.php(48): Cms\Classes\Controller->run('/')
#11 [internal function]: Cms\Classes\CmsController->run('/')
#12 /Users/afryer/Documents/projects/october/vendor/laravel/framework/src/Illuminate/Routing/Controller.php(256): call_user_func_array(Array, Array)
#13 /Users/afryer/Documents/projects/october/vendor/laravel/framework/src/Illuminate/Routing/ControllerDispatcher.php(164): Illuminate\Routing\Controller->callAction('run', Array)
#14 /Users/afryer/Documents/projects/october/vendor/laravel/framework/src/Illuminate/Routing/ControllerDispatcher.php(112): Illuminate\Routing\ControllerDispatcher->call(Object(Cms\Classes\CmsController), Object(Illuminate\Routing\Route), 'run')
#15 [internal function]: Illuminate\Routing\ControllerDispatcher->Illuminate\Routing\{closure}(Object(Illuminate\Http\Request))
#16 /Users/afryer/Documents/projects/october/vendor/laravel/framework/src/Illuminate/Pipeline/Pipeline.php(139): call_user_func(Object(Closure), Object(Illuminate\Http\Request))
#17 [internal function]: Illuminate\Pipeline\Pipeline->Illuminate\Pipeline\{closure}(Object(Illuminate\Http\Request))
#18 /Users/afryer/Documents/projects/october/vendor/laravel/framework/src/Illuminate/Pipeline/Pipeline.php(102): call_user_func(Object(Closure), Object(Illuminate\Http\Request))
#19 /Users/afryer/Documents/projects/october/vendor/laravel/framework/src/Illuminate/Routing/ControllerDispatcher.php(114): Illuminate\Pipeline\Pipeline->then(Object(Closure))
#20 /Users/afryer/Documents/projects/october/vendor/laravel/framework/src/Illuminate/Routing/ControllerDispatcher.php(67): Illuminate\Routing\ControllerDispatcher->callWithinStack(Object(Cms\Classes\CmsController), Object(Illuminate\Routing\Route), Object(Illuminate\Http\Request), 'run')
#21 /Users/afryer/Documents/projects/october/vendor/laravel/framework/src/Illuminate/Routing/Route.php(203): Illuminate\Routing\ControllerDispatcher->dispatch(Object(Illuminate\Routing\Route), Object(Illuminate\Http\Request), 'Cms\\Classes\\Cms...', 'run')
#22 /Users/afryer/Documents/projects/october/vendor/laravel/framework/src/Illuminate/Routing/Route.php(134): Illuminate\Routing\Route->runWithCustomDispatcher(Object(Illuminate\Http\Request))
#23 /Users/afryer/Documents/projects/october/vendor/laravel/framework/src/Illuminate/Routing/Router.php(708): Illuminate\Routing\Route->run(Object(Illuminate\Http\Request))
#24 [internal function]: Illuminate\Routing\Router->Illuminate\Routing\{closure}(Object(Illuminate\Http\Request))
#25 /Users/afryer/Documents/projects/october/vendor/laravel/framework/src/Illuminate/Pipeline/Pipeline.php(139): call_user_func(Object(Closure), Object(Illuminate\Http\Request))
#26 [internal function]: Illuminate\Pipeline\Pipeline->Illuminate\Pipeline\{closure}(Object(Illuminate\Http\Request))
#27 /Users/afryer/Documents/projects/october/vendor/laravel/framework/src/Illuminate/Pipeline/Pipeline.php(102): call_user_func(Object(Closure), Object(Illuminate\Http\Request))
#28 /Users/afryer/Documents/projects/october/vendor/laravel/framework/src/Illuminate/Routing/Router.php(710): Illuminate\Pipeline\Pipeline->then(Object(Closure))
#29 /Users/afryer/Documents/projects/october/vendor/laravel/framework/src/Illuminate/Routing/Router.php(673): Illuminate\Routing\Router->runRouteWithinStack(Object(Illuminate\Routing\Route), Object(Illuminate\Http\Request))
#30 /Users/afryer/Documents/projects/october/vendor/laravel/framework/src/Illuminate/Routing/Router.php(635): Illuminate\Routing\Router->dispatchToRoute(Object(Illuminate\Http\Request))
#31 /Users/afryer/Documents/projects/october/vendor/laravel/framework/src/Illuminate/Foundation/Http/Kernel.php(236): Illuminate\Routing\Router->dispatch(Object(Illuminate\Http\Request))
#32 [internal function]: Illuminate\Foundation\Http\Kernel->Illuminate\Foundation\Http\{closure}(Object(Illuminate\Http\Request))
#33 /Users/afryer/Documents/projects/october/vendor/laravel/framework/src/Illuminate/Pipeline/Pipeline.php(139): call_user_func(Object(Closure), Object(Illuminate\Http\Request))
#34 /Users/afryer/Documents/projects/october/vendor/laravel/framework/src/Illuminate/View/Middleware/ShareErrorsFromSession.php(49): Illuminate\Pipeline\Pipeline->Illuminate\Pipeline\{closure}(Object(Illuminate\Http\Request))
#35 [internal function]: Illuminate\View\Middleware\ShareErrorsFromSession->handle(Object(Illuminate\Http\Request), Object(Closure))
#36 /Users/afryer/Documents/projects/october/vendor/laravel/framework/src/Illuminate/Pipeline/Pipeline.php(124): call_user_func_array(Array, Array)
#37 /Users/afryer/Documents/projects/october/vendor/laravel/framework/src/Illuminate/Session/Middleware/StartSession.php(62): Illuminate\Pipeline\Pipeline->Illuminate\Pipeline\{closure}(Object(Illuminate\Http\Request))
#38 [internal function]: Illuminate\Session\Middleware\StartSession->handle(Object(Illuminate\Http\Request), Object(Closure))
#39 /Users/afryer/Documents/projects/october/vendor/laravel/framework/src/Illuminate/Pipeline/Pipeline.php(124): call_user_func_array(Array, Array)
#40 /Users/afryer/Documents/projects/october/vendor/laravel/framework/src/Illuminate/Cookie/Middleware/AddQueuedCookiesToResponse.php(37): Illuminate\Pipeline\Pipeline->Illuminate\Pipeline\{closure}(Object(Illuminate\Http\Request))
#41 [internal function]: Illuminate\Cookie\Middleware\AddQueuedCookiesToResponse->handle(Object(Illuminate\Http\Request), Object(Closure))
#42 /Users/afryer/Documents/projects/october/vendor/laravel/framework/src/Illuminate/Pipeline/Pipeline.php(124): call_user_func_array(Array, Array)
#43 /Users/afryer/Documents/projects/october/vendor/laravel/framework/src/Illuminate/Cookie/Middleware/EncryptCookies.php(59): Illuminate\Pipeline\Pipeline->Illuminate\Pipeline\{closure}(Object(Illuminate\Http\Request))
#44 [internal function]: Illuminate\Cookie\Middleware\EncryptCookies->handle(Object(Illuminate\Http\Request), Object(Closure))
#45 /Users/afryer/Documents/projects/october/vendor/laravel/framework/src/Illuminate/Pipeline/Pipeline.php(124): call_user_func_array(Array, Array)
#46 /Users/afryer/Documents/projects/october/vendor/laravel/framework/src/Illuminate/Foundation/Http/Middleware/CheckForMaintenanceMode.php(44): Illuminate\Pipeline\Pipeline->Illuminate\Pipeline\{closure}(Object(Illuminate\Http\Request))
#47 [internal function]: Illuminate\Foundation\Http\Middleware\CheckForMaintenanceMode->handle(Object(Illuminate\Http\Request), Object(Closure))
#48 /Users/afryer/Documents/projects/october/vendor/laravel/framework/src/Illuminate/Pipeline/Pipeline.php(124): call_user_func_array(Array, Array)
#49 [internal function]: Illuminate\Pipeline\Pipeline->Illuminate\Pipeline\{closure}(Object(Illuminate\Http\Request))
#50 /Users/afryer/Documents/projects/october/vendor/laravel/framework/src/Illuminate/Pipeline/Pipeline.php(102): call_user_func(Object(Closure), Object(Illuminate\Http\Request))
#51 /Users/afryer/Documents/projects/october/vendor/laravel/framework/src/Illuminate/Foundation/Http/Kernel.php(122): Illuminate\Pipeline\Pipeline->then(Object(Closure))
#52 /Users/afryer/Documents/projects/october/vendor/laravel/framework/src/Illuminate/Foundation/Http/Kernel.php(87): Illuminate\Foundation\Http\Kernel->sendRequestThroughRouter(Object(Illuminate\Http\Request))
#53 /Users/afryer/Documents/projects/october/index.php(43): Illuminate\Foundation\Http\Kernel->handle(Object(Illuminate\Http\Request))
#54 {main}  
[2016-09-16 15:59:59] production.ERROR: Symfony\Component\Debug\Exception\FatalThrowableError: Parse error: syntax error, unexpected '<', expecting function (T_FUNCTION) in /Users/afryer/Documents/projects/october/modules/cms/Classes/CodeParser.php(294) : eval()'d code:4
Stack trace:
#0 /Users/afryer/Documents/projects/october/modules/cms/Classes/CodeParser.php(151): Cms\Classes\CodeParser->validate('<?php \nclass Cm...')
#1 /Users/afryer/Documents/projects/october/modules/cms/Classes/CodeParser.php(111): Cms\Classes\CodeParser->rebuild('/Users/afryer/D...')
#2 /Users/afryer/Documents/projects/october/modules/cms/Classes/CodeParser.php(173): Cms\Classes\CodeParser->parse()
#3 /Users/afryer/Documents/projects/october/modules/cms/Classes/Controller.php(895): Cms\Classes\CodeParser->source(Object(Cms\Classes\Page), Object(Cms\Classes\Layout), Object(Cms\Classes\Controller))
#4 /Users/afryer/Documents/projects/october/modules/cms/Twig/Extension.php(117): Cms\Classes\Controller->renderPartial('editable', Array)
#5 /Users/afryer/Documents/projects/october/storage/cms/twig/4e/4ecd3d5963e60c6edf80f6ed3a94d1d40b12854fa182833a3003d4840bb9bf37.php(36): Cms\Twig\Extension->partialFunction('site/header', Array)
#6 /Users/afryer/Documents/projects/october/vendor/twig/twig/lib/Twig/Template.php(387): __TwigTemplate_45d9f4ef1a160667304cf5305707ef8e71109c53a76c263878d46165d16a44b2->doDisplay(Array, Array)
#7 /Users/afryer/Documents/projects/october/vendor/twig/twig/lib/Twig/Template.php(355): Twig_Template->displayWithErrorHandling(Array, Array)
#8 /Users/afryer/Documents/projects/october/vendor/twig/twig/lib/Twig/Template.php(366): Twig_Template->display(Array)
#9 /Users/afryer/Documents/projects/october/modules/cms/Classes/Controller.php(387): Twig_Template->render(Array)
#10 /Users/afryer/Documents/projects/october/modules/cms/Classes/Controller.php(215): Cms\Classes\Controller->runPage(Object(Cms\Classes\Page))
#11 /Users/afryer/Documents/projects/october/modules/cms/Classes/CmsController.php(48): Cms\Classes\Controller->run('demo')
#12 [internal function]: Cms\Classes\CmsController->run('demo')
#13 /Users/afryer/Documents/projects/october/vendor/laravel/framework/src/Illuminate/Routing/Controller.php(256): call_user_func_array(Array, Array)
#14 /Users/afryer/Documents/projects/october/vendor/laravel/framework/src/Illuminate/Routing/ControllerDispatcher.php(164): Illuminate\Routing\Controller->callAction('run', Array)
#15 /Users/afryer/Documents/projects/october/vendor/laravel/framework/src/Illuminate/Routing/ControllerDispatcher.php(112): Illuminate\Routing\ControllerDispatcher->call(Object(Cms\Classes\CmsController), Object(Illuminate\Routing\Route), 'run')
#16 [internal function]: Illuminate\Routing\ControllerDispatcher->Illuminate\Routing\{closure}(Object(Illuminate\Http\Request))
#17 /Users/afryer/Documents/projects/october/vendor/laravel/framework/src/Illuminate/Pipeline/Pipeline.php(139): call_user_func(Object(Closure), Object(Illuminate\Http\Request))
#18 [internal function]: Illuminate\Pipeline\Pipeline->Illuminate\Pipeline\{closure}(Object(Illuminate\Http\Request))
#19 /Users/afryer/Documents/projects/october/vendor/laravel/framework/src/Illuminate/Pipeline/Pipeline.php(102): call_user_func(Object(Closure), Object(Illuminate\Http\Request))
#20 /Users/afryer/Documents/projects/october/vendor/laravel/framework/src/Illuminate/Routing/ControllerDispatcher.php(114): Illuminate\Pipeline\Pipeline->then(Object(Closure))
#21 /Users/afryer/Documents/projects/october/vendor/laravel/framework/src/Illuminate/Routing/ControllerDispatcher.php(67): Illuminate\Routing\ControllerDispatcher->callWithinStack(Object(Cms\Classes\CmsController), Object(Illuminate\Routing\Route), Object(Illuminate\Http\Request), 'run')
#22 /Users/afryer/Documents/projects/october/vendor/laravel/framework/src/Illuminate/Routing/Route.php(203): Illuminate\Routing\ControllerDispatcher->dispatch(Object(Illuminate\Routing\Route), Object(Illuminate\Http\Request), 'Cms\\Classes\\Cms...', 'run')
#23 /Users/afryer/Documents/projects/october/vendor/laravel/framework/src/Illuminate/Routing/Route.php(134): Illuminate\Routing\Route->runWithCustomDispatcher(Object(Illuminate\Http\Request))
#24 /Users/afryer/Documents/projects/october/vendor/laravel/framework/src/Illuminate/Routing/Router.php(708): Illuminate\Routing\Route->run(Object(Illuminate\Http\Request))
#25 [internal function]: Illuminate\Routing\Router->Illuminate\Routing\{closure}(Object(Illuminate\Http\Request))
#26 /Users/afryer/Documents/projects/october/vendor/laravel/framework/src/Illuminate/Pipeline/Pipeline.php(139): call_user_func(Object(Closure), Object(Illuminate\Http\Request))
#27 [internal function]: Illuminate\Pipeline\Pipeline->Illuminate\Pipeline\{closure}(Object(Illuminate\Http\Request))
#28 /Users/afryer/Documents/projects/october/vendor/laravel/framework/src/Illuminate/Pipeline/Pipeline.php(102): call_user_func(Object(Closure), Object(Illuminate\Http\Request))
#29 /Users/afryer/Documents/projects/october/vendor/laravel/framework/src/Illuminate/Routing/Router.php(710): Illuminate\Pipeline\Pipeline->then(Object(Closure))
#30 /Users/afryer/Documents/projects/october/vendor/laravel/framework/src/Illuminate/Routing/Router.php(673): Illuminate\Routing\Router->runRouteWithinStack(Object(Illuminate\Routing\Route), Object(Illuminate\Http\Request))
#31 /Users/afryer/Documents/projects/october/vendor/laravel/framework/src/Illuminate/Routing/Router.php(635): Illuminate\Routing\Router->dispatchToRoute(Object(Illuminate\Http\Request))
#32 /Users/afryer/Documents/projects/october/vendor/laravel/framework/src/Illuminate/Foundation/Http/Kernel.php(236): Illuminate\Routing\Router->dispatch(Object(Illuminate\Http\Request))
#33 [internal function]: Illuminate\Foundation\Http\Kernel->Illuminate\Foundation\Http\{closure}(Object(Illuminate\Http\Request))
#34 /Users/afryer/Documents/projects/october/vendor/laravel/framework/src/Illuminate/Pipeline/Pipeline.php(139): call_user_func(Object(Closure), Object(Illuminate\Http\Request))
#35 /Users/afryer/Documents/projects/october/vendor/laravel/framework/src/Illuminate/View/Middleware/ShareErrorsFromSession.php(49): Illuminate\Pipeline\Pipeline->Illuminate\Pipeline\{closure}(Object(Illuminate\Http\Request))
#36 [internal function]: Illuminate\View\Middleware\ShareErrorsFromSession->handle(Object(Illuminate\Http\Request), Object(Closure))
#37 /Users/afryer/Documents/projects/october/vendor/laravel/framework/src/Illuminate/Pipeline/Pipeline.php(124): call_user_func_array(Array, Array)
#38 /Users/afryer/Documents/projects/october/vendor/laravel/framework/src/Illuminate/Session/Middleware/StartSession.php(62): Illuminate\Pipeline\Pipeline->Illuminate\Pipeline\{closure}(Object(Illuminate\Http\Request))
#39 [internal function]: Illuminate\Session\Middleware\StartSession->handle(Object(Illuminate\Http\Request), Object(Closure))
#40 /Users/afryer/Documents/projects/october/vendor/laravel/framework/src/Illuminate/Pipeline/Pipeline.php(124): call_user_func_array(Array, Array)
#41 /Users/afryer/Documents/projects/october/vendor/laravel/framework/src/Illuminate/Cookie/Middleware/AddQueuedCookiesToResponse.php(37): Illuminate\Pipeline\Pipeline->Illuminate\Pipeline\{closure}(Object(Illuminate\Http\Request))
#42 [internal function]: Illuminate\Cookie\Middleware\AddQueuedCookiesToResponse->handle(Object(Illuminate\Http\Request), Object(Closure))
#43 /Users/afryer/Documents/projects/october/vendor/laravel/framework/src/Illuminate/Pipeline/Pipeline.php(124): call_user_func_array(Array, Array)
#44 /Users/afryer/Documents/projects/october/vendor/laravel/framework/src/Illuminate/Cookie/Middleware/EncryptCookies.php(59): Illuminate\Pipeline\Pipeline->Illuminate\Pipeline\{closure}(Object(Illuminate\Http\Request))
#45 [internal function]: Illuminate\Cookie\Middleware\EncryptCookies->handle(Object(Illuminate\Http\Request), Object(Closure))
#46 /Users/afryer/Documents/projects/october/vendor/laravel/framework/src/Illuminate/Pipeline/Pipeline.php(124): call_user_func_array(Array, Array)
#47 /Users/afryer/Documents/projects/october/vendor/laravel/framework/src/Illuminate/Foundation/Http/Middleware/CheckForMaintenanceMode.php(44): Illuminate\Pipeline\Pipeline->Illuminate\Pipeline\{closure}(Object(Illuminate\Http\Request))
#48 [internal function]: Illuminate\Foundation\Http\Middleware\CheckForMaintenanceMode->handle(Object(Illuminate\Http\Request), Object(Closure))
#49 /Users/afryer/Documents/projects/october/vendor/laravel/framework/src/Illuminate/Pipeline/Pipeline.php(124): call_user_func_array(Array, Array)
#50 [internal function]: Illuminate\Pipeline\Pipeline->Illuminate\Pipeline\{closure}(Object(Illuminate\Http\Request))
#51 /Users/afryer/Documents/projects/october/vendor/laravel/framework/src/Illuminate/Pipeline/Pipeline.php(102): call_user_func(Object(Closure), Object(Illuminate\Http\Request))
#52 /Users/afryer/Documents/projects/october/vendor/laravel/framework/src/Illuminate/Foundation/Http/Kernel.php(122): Illuminate\Pipeline\Pipeline->then(Object(Closure))
#53 /Users/afryer/Documents/projects/october/vendor/laravel/framework/src/Illuminate/Foundation/Http/Kernel.php(87): Illuminate\Foundation\Http\Kernel->sendRequestThroughRouter(Object(Illuminate\Http\Request))
#54 /Users/afryer/Documents/projects/october/index.php(43): Illuminate\Foundation\Http\Kernel->handle(Object(Illuminate\Http\Request))
#55 {main}  
